{"/Users/kerryspace/Desktop/front-end/brainnest-library/src/book.js": {"path":"/Users/kerryspace/Desktop/front-end/brainnest-library/src/book.js","statementMap":{"0":{"start":{"line":5,"column":8},"end":{"line":5,"column":48}},"1":{"start":{"line":6,"column":8},"end":{"line":6,"column":36}},"2":{"start":{"line":7,"column":8},"end":{"line":7,"column":27}},"3":{"start":{"line":8,"column":8},"end":{"line":8,"column":33}},"4":{"start":{"line":9,"column":8},"end":{"line":9,"column":25}}},"fnMap":{"0":{"name":"(anonymous_0)","decl":{"start":{"line":4,"column":4},"end":{"line":4,"column":5}},"loc":{"start":{"line":4,"column":54},"end":{"line":10,"column":5}},"line":4}},"branchMap":{},"s":{"0":0,"1":0,"2":0,"3":0,"4":0},"f":{"0":0},"b":{},"_coverageSchema":"1a1c01bbd47fc00a2c39e90264f33305004495a9","hash":"7bce52b6b019a98da56146282dc8eeaa71f50003"}
,"/Users/kerryspace/Desktop/front-end/brainnest-library/src/card.js": {"path":"/Users/kerryspace/Desktop/front-end/brainnest-library/src/card.js","statementMap":{"0":{"start":{"line":7,"column":5},"end":{"line":7,"column":49}},"1":{"start":{"line":9,"column":8},"end":{"line":9,"column":27}},"2":{"start":{"line":11,"column":8},"end":{"line":11,"column":25}},"3":{"start":{"line":17,"column":27},"end":{"line":17,"column":64}},"4":{"start":{"line":19,"column":21},"end":{"line":19,"column":50}},"5":{"start":{"line":20,"column":4},"end":{"line":20,"column":40}},"6":{"start":{"line":22,"column":18},"end":{"line":22,"column":46}},"7":{"start":{"line":23,"column":4},"end":{"line":23,"column":35}},"8":{"start":{"line":24,"column":4},"end":{"line":24,"column":32}},"9":{"start":{"line":26,"column":19},"end":{"line":26,"column":47}},"10":{"start":{"line":27,"column":4},"end":{"line":27,"column":46}},"11":{"start":{"line":28,"column":4},"end":{"line":28,"column":33}},"12":{"start":{"line":30,"column":18},"end":{"line":30,"column":45}},"13":{"start":{"line":31,"column":4},"end":{"line":31,"column":46}},"14":{"start":{"line":32,"column":4},"end":{"line":32,"column":32}},"15":{"start":{"line":34,"column":21},"end":{"line":34,"column":48}},"16":{"start":{"line":35,"column":4},"end":{"line":35,"column":56}},"17":{"start":{"line":36,"column":4},"end":{"line":36,"column":35}},"18":{"start":{"line":38,"column":17},"end":{"line":38,"column":44}},"19":{"start":{"line":39,"column":4},"end":{"line":39,"column":53}},"20":{"start":{"line":40,"column":4},"end":{"line":40,"column":31}},"21":{"start":{"line":43,"column":23},"end":{"line":43,"column":50}},"22":{"start":{"line":44,"column":4},"end":{"line":44,"column":37}},"23":{"start":{"line":47,"column":4},"end":{"line":47,"column":52}},"24":{"start":{"line":51,"column":25},"end":{"line":51,"column":52}},"25":{"start":{"line":52,"column":4},"end":{"line":52,"column":39}},"26":{"start":{"line":56,"column":4},"end":{"line":56,"column":43}},"27":{"start":{"line":66,"column":8},"end":{"line":66,"column":31}},"28":{"start":{"line":70,"column":27},"end":{"line":70,"column":59}},"29":{"start":{"line":71,"column":8},"end":{"line":71,"column":50}},"30":{"start":{"line":72,"column":8},"end":{"line":72,"column":79}},"31":{"start":{"line":74,"column":8},"end":{"line":79,"column":11}},"32":{"start":{"line":75,"column":12},"end":{"line":75,"column":36}},"33":{"start":{"line":76,"column":12},"end":{"line":76,"column":83}},"34":{"start":{"line":77,"column":12},"end":{"line":77,"column":61}},"35":{"start":{"line":78,"column":12},"end":{"line":78,"column":29}},"36":{"start":{"line":81,"column":8},"end":{"line":81,"column":26}},"37":{"start":{"line":86,"column":29},"end":{"line":86,"column":61}},"38":{"start":{"line":87,"column":8},"end":{"line":87,"column":54}},"39":{"start":{"line":88,"column":8},"end":{"line":88,"column":44}},"40":{"start":{"line":90,"column":8},"end":{"line":111,"column":11}},"41":{"start":{"line":93,"column":12},"end":{"line":93,"column":30}},"42":{"start":{"line":95,"column":30},"end":{"line":95,"column":75}},"43":{"start":{"line":98,"column":12},"end":{"line":98,"column":42}},"44":{"start":{"line":102,"column":35},"end":{"line":102,"column":72}},"45":{"start":{"line":103,"column":12},"end":{"line":106,"column":15}},"46":{"start":{"line":105,"column":17},"end":{"line":105,"column":56}},"47":{"start":{"line":109,"column":12},"end":{"line":109,"column":29}},"48":{"start":{"line":112,"column":8},"end":{"line":112,"column":28}}},"fnMap":{"0":{"name":"(anonymous_0)","decl":{"start":{"line":6,"column":4},"end":{"line":6,"column":5}},"loc":{"start":{"line":6,"column":60},"end":{"line":12,"column":5}},"line":6},"1":{"name":"(anonymous_1)","decl":{"start":{"line":16,"column":1},"end":{"line":16,"column":2}},"loc":{"start":{"line":16,"column":14},"end":{"line":59,"column":5}},"line":16},"2":{"name":"(anonymous_2)","decl":{"start":{"line":65,"column":4},"end":{"line":65,"column":5}},"loc":{"start":{"line":65,"column":23},"end":{"line":67,"column":5}},"line":65},"3":{"name":"(anonymous_3)","decl":{"start":{"line":69,"column":4},"end":{"line":69,"column":5}},"loc":{"start":{"line":69,"column":27},"end":{"line":82,"column":5}},"line":69},"4":{"name":"(anonymous_4)","decl":{"start":{"line":74,"column":45},"end":{"line":74,"column":46}},"loc":{"start":{"line":74,"column":51},"end":{"line":79,"column":9}},"line":74},"5":{"name":"(anonymous_5)","decl":{"start":{"line":84,"column":4},"end":{"line":84,"column":5}},"loc":{"start":{"line":84,"column":27},"end":{"line":113,"column":5}},"line":84},"6":{"name":"(anonymous_6)","decl":{"start":{"line":90,"column":47},"end":{"line":90,"column":48}},"loc":{"start":{"line":90,"column":53},"end":{"line":111,"column":9}},"line":90},"7":{"name":"(anonymous_7)","decl":{"start":{"line":103,"column":66},"end":{"line":103,"column":67}},"loc":{"start":{"line":103,"column":83},"end":{"line":106,"column":13}},"line":103}},"branchMap":{"0":{"loc":{"start":{"line":39,"column":23},"end":{"line":39,"column":52}},"type":"cond-expr","locations":[{"start":{"line":39,"column":35},"end":{"line":39,"column":41}},{"start":{"line":39,"column":44},"end":{"line":39,"column":52}}],"line":39},"1":{"loc":{"start":{"line":72,"column":33},"end":{"line":72,"column":78}},"type":"cond-expr","locations":[{"start":{"line":72,"column":45},"end":{"line":72,"column":61}},{"start":{"line":72,"column":64},"end":{"line":72,"column":78}}],"line":72},"2":{"loc":{"start":{"line":76,"column":37},"end":{"line":76,"column":82}},"type":"cond-expr","locations":[{"start":{"line":76,"column":49},"end":{"line":76,"column":65}},{"start":{"line":76,"column":68},"end":{"line":76,"column":82}}],"line":76},"3":{"loc":{"start":{"line":77,"column":31},"end":{"line":77,"column":60}},"type":"cond-expr","locations":[{"start":{"line":77,"column":43},"end":{"line":77,"column":49}},{"start":{"line":77,"column":52},"end":{"line":77,"column":60}}],"line":77}},"s":{"0":0,"1":0,"2":0,"3":0,"4":0,"5":0,"6":0,"7":0,"8":0,"9":0,"10":0,"11":0,"12":0,"13":0,"14":0,"15":0,"16":0,"17":0,"18":0,"19":0,"20":0,"21":0,"22":0,"23":0,"24":0,"25":0,"26":0,"27":0,"28":0,"29":0,"30":0,"31":0,"32":0,"33":0,"34":0,"35":0,"36":0,"37":0,"38":0,"39":0,"40":0,"41":0,"42":0,"43":0,"44":0,"45":0,"46":0,"47":0,"48":0},"f":{"0":0,"1":0,"2":0,"3":0,"4":0,"5":0,"6":0,"7":0},"b":{"0":[0,0],"1":[0,0],"2":[0,0],"3":[0,0]},"_coverageSchema":"1a1c01bbd47fc00a2c39e90264f33305004495a9","hash":"8c1c09cb4a4eab0ac373fb77b6f268af9e327f48"}
,"/Users/kerryspace/Desktop/front-end/brainnest-library/src/eventListener.js": {"path":"/Users/kerryspace/Desktop/front-end/brainnest-library/src/eventListener.js","statementMap":{"0":{"start":{"line":7,"column":26},"end":{"line":7,"column":66}},"1":{"start":{"line":8,"column":7},"end":{"line":8,"column":59}},"2":{"start":{"line":11,"column":35},"end":{"line":11,"column":75}},"3":{"start":{"line":12,"column":7},"end":{"line":12,"column":66}},"4":{"start":{"line":15,"column":31},"end":{"line":15,"column":73}},"5":{"start":{"line":16,"column":7},"end":{"line":16,"column":64}},"6":{"start":{"line":19,"column":28},"end":{"line":19,"column":67}},"7":{"start":{"line":20,"column":7},"end":{"line":20,"column":58}},"8":{"start":{"line":29,"column":4},"end":{"line":29,"column":27}},"9":{"start":{"line":31,"column":18},"end":{"line":31,"column":57}},"10":{"start":{"line":33,"column":4},"end":{"line":35,"column":5}},"11":{"start":{"line":34,"column":6},"end":{"line":34,"column":13}},"12":{"start":{"line":37,"column":28},"end":{"line":39,"column":5}},"13":{"start":{"line":38,"column":16},"end":{"line":38,"column":64}},"14":{"start":{"line":43,"column":4},"end":{"line":43,"column":31}},"15":{"start":{"line":46,"column":4},"end":{"line":46,"column":48}},"16":{"start":{"line":54,"column":29},"end":{"line":54,"column":66}},"17":{"start":{"line":54,"column":56},"end":{"line":54,"column":65}},"18":{"start":{"line":55,"column":4},"end":{"line":55,"column":32}},"19":{"start":{"line":60,"column":31},"end":{"line":60,"column":69}},"20":{"start":{"line":60,"column":58},"end":{"line":60,"column":68}},"21":{"start":{"line":61,"column":4},"end":{"line":61,"column":34}},"22":{"start":{"line":68,"column":4},"end":{"line":68,"column":25}},"23":{"start":{"line":73,"column":30},"end":{"line":73,"column":67}},"24":{"start":{"line":74,"column":5},"end":{"line":74,"column":37}},"25":{"start":{"line":76,"column":4},"end":{"line":78,"column":6}},"26":{"start":{"line":77,"column":6},"end":{"line":77,"column":28}}},"fnMap":{"0":{"name":"eventListener","decl":{"start":{"line":4,"column":9},"end":{"line":4,"column":22}},"loc":{"start":{"line":4,"column":25},"end":{"line":22,"column":3}},"line":4},"1":{"name":"filterSearch","decl":{"start":{"line":26,"column":11},"end":{"line":26,"column":23}},"loc":{"start":{"line":26,"column":31},"end":{"line":47,"column":3}},"line":26},"2":{"name":"(anonymous_2)","decl":{"start":{"line":38,"column":6},"end":{"line":38,"column":7}},"loc":{"start":{"line":38,"column":16},"end":{"line":38,"column":64}},"line":38},"3":{"name":"showReadBtn","decl":{"start":{"line":53,"column":11},"end":{"line":53,"column":22}},"loc":{"start":{"line":53,"column":25},"end":{"line":56,"column":3}},"line":53},"4":{"name":"(anonymous_4)","decl":{"start":{"line":54,"column":46},"end":{"line":54,"column":47}},"loc":{"start":{"line":54,"column":56},"end":{"line":54,"column":65}},"line":54},"5":{"name":"showUnreadBtn","decl":{"start":{"line":59,"column":11},"end":{"line":59,"column":24}},"loc":{"start":{"line":59,"column":27},"end":{"line":63,"column":3}},"line":59},"6":{"name":"(anonymous_6)","decl":{"start":{"line":60,"column":48},"end":{"line":60,"column":49}},"loc":{"start":{"line":60,"column":58},"end":{"line":60,"column":68}},"line":60},"7":{"name":"showAllBtn","decl":{"start":{"line":66,"column":11},"end":{"line":66,"column":21}},"loc":{"start":{"line":66,"column":24},"end":{"line":69,"column":3}},"line":66},"8":{"name":"renderCard","decl":{"start":{"line":71,"column":11},"end":{"line":71,"column":21}},"loc":{"start":{"line":71,"column":28},"end":{"line":79,"column":3}},"line":71},"9":{"name":"(anonymous_9)","decl":{"start":{"line":76,"column":18},"end":{"line":76,"column":19}},"loc":{"start":{"line":76,"column":32},"end":{"line":78,"column":5}},"line":76}},"branchMap":{"0":{"loc":{"start":{"line":33,"column":4},"end":{"line":35,"column":5}},"type":"if","locations":[{"start":{"line":33,"column":4},"end":{"line":35,"column":5}},{"start":{},"end":{}}],"line":33}},"s":{"0":0,"1":0,"2":0,"3":0,"4":0,"5":0,"6":0,"7":0,"8":0,"9":0,"10":0,"11":0,"12":0,"13":0,"14":0,"15":0,"16":0,"17":0,"18":0,"19":0,"20":0,"21":0,"22":0,"23":0,"24":0,"25":0,"26":0},"f":{"0":0,"1":0,"2":0,"3":0,"4":0,"5":0,"6":0,"7":0,"8":0,"9":0},"b":{"0":[0,0]},"_coverageSchema":"1a1c01bbd47fc00a2c39e90264f33305004495a9","hash":"d57124b642dc1ecfde377eb0d83258a81cbbac76"}
,"/Users/kerryspace/Desktop/front-end/brainnest-library/src/index.js": {"path":"/Users/kerryspace/Desktop/front-end/brainnest-library/src/index.js","statementMap":{"0":{"start":{"line":6,"column":16},"end":{"line":6,"column":18}},"1":{"start":{"line":11,"column":16},"end":{"line":11,"column":61}},"2":{"start":{"line":12,"column":17},"end":{"line":12,"column":63}},"3":{"start":{"line":13,"column":16},"end":{"line":13,"column":61}},"4":{"start":{"line":14,"column":19},"end":{"line":14,"column":67}},"5":{"start":{"line":15,"column":15},"end":{"line":15,"column":54}},"6":{"start":{"line":16,"column":2},"end":{"line":16,"column":47}},"7":{"start":{"line":20,"column":2},"end":{"line":20,"column":25}},"8":{"start":{"line":21,"column":49},"end":{"line":21,"column":63}},"9":{"start":{"line":24,"column":19},"end":{"line":24,"column":83}},"10":{"start":{"line":26,"column":2},"end":{"line":26,"column":25}},"11":{"start":{"line":32,"column":21},"end":{"line":32,"column":37}},"12":{"start":{"line":33,"column":25},"end":{"line":33,"column":69}},"13":{"start":{"line":33,"column":52},"end":{"line":33,"column":61}},"14":{"start":{"line":34,"column":27},"end":{"line":34,"column":72}},"15":{"start":{"line":34,"column":54},"end":{"line":34,"column":64}},"16":{"start":{"line":36,"column":28},"end":{"line":36,"column":66}},"17":{"start":{"line":37,"column":2},"end":{"line":37,"column":45}},"18":{"start":{"line":39,"column":32},"end":{"line":39,"column":75}},"19":{"start":{"line":40,"column":2},"end":{"line":40,"column":53}},"20":{"start":{"line":42,"column":34},"end":{"line":42,"column":79}},"21":{"start":{"line":43,"column":2},"end":{"line":43,"column":57}},"22":{"start":{"line":49,"column":2},"end":{"line":49,"column":25}},"23":{"start":{"line":51,"column":2},"end":{"line":51,"column":17}},"24":{"start":{"line":54,"column":2},"end":{"line":54,"column":19}},"25":{"start":{"line":56,"column":2},"end":{"line":56,"column":23}},"26":{"start":{"line":63,"column":0},"end":{"line":66,"column":3}},"27":{"start":{"line":64,"column":21},"end":{"line":64,"column":64}},"28":{"start":{"line":65,"column":2},"end":{"line":65,"column":58}}},"fnMap":{"0":{"name":"getUserInput","decl":{"start":{"line":9,"column":9},"end":{"line":9,"column":21}},"loc":{"start":{"line":9,"column":23},"end":{"line":17,"column":1}},"line":9},"1":{"name":"addBookToLibrary","decl":{"start":{"line":19,"column":9},"end":{"line":19,"column":25}},"loc":{"start":{"line":19,"column":32},"end":{"line":28,"column":1}},"line":19},"2":{"name":"updateCounters","decl":{"start":{"line":31,"column":9},"end":{"line":31,"column":23}},"loc":{"start":{"line":31,"column":25},"end":{"line":44,"column":1}},"line":31},"3":{"name":"(anonymous_3)","decl":{"start":{"line":33,"column":42},"end":{"line":33,"column":43}},"loc":{"start":{"line":33,"column":52},"end":{"line":33,"column":61}},"line":33},"4":{"name":"(anonymous_4)","decl":{"start":{"line":34,"column":44},"end":{"line":34,"column":45}},"loc":{"start":{"line":34,"column":54},"end":{"line":34,"column":64}},"line":34},"5":{"name":"handleFormSubmit","decl":{"start":{"line":47,"column":9},"end":{"line":47,"column":25}},"loc":{"start":{"line":47,"column":33},"end":{"line":57,"column":1}},"line":47},"6":{"name":"(anonymous_6)","decl":{"start":{"line":63,"column":46},"end":{"line":63,"column":47}},"loc":{"start":{"line":63,"column":57},"end":{"line":66,"column":1}},"line":63}},"branchMap":{},"s":{"0":1,"1":1,"2":1,"3":1,"4":1,"5":1,"6":1,"7":0,"8":0,"9":0,"10":0,"11":1,"12":1,"13":0,"14":1,"15":0,"16":1,"17":1,"18":1,"19":1,"20":1,"21":1,"22":0,"23":0,"24":0,"25":0,"26":1,"27":0,"28":0},"f":{"0":1,"1":0,"2":1,"3":0,"4":0,"5":0,"6":0},"b":{},"_coverageSchema":"1a1c01bbd47fc00a2c39e90264f33305004495a9","hash":"76111c58d93f6a85479a3a92d9f11e163f128a00"}
}
