TN:
SF:src/book.js
FN:4,(anonymous_0)
FNF:1
FNH:0
FNDA:0,(anonymous_0)
DA:5,0
DA:6,0
DA:7,0
DA:8,0
DA:9,0
LF:5
LH:0
BRF:0
BRH:0
end_of_record
TN:
SF:src/card.js
FN:6,(anonymous_0)
FN:16,(anonymous_1)
FN:65,(anonymous_2)
FN:69,(anonymous_3)
FN:74,(anonymous_4)
FN:84,(anonymous_5)
FN:90,(anonymous_6)
FN:103,(anonymous_7)
FNF:8
FNH:0
FNDA:0,(anonymous_0)
FNDA:0,(anonymous_1)
FNDA:0,(anonymous_2)
FNDA:0,(anonymous_3)
FNDA:0,(anonymous_4)
FNDA:0,(anonymous_5)
FNDA:0,(anonymous_6)
FNDA:0,(anonymous_7)
DA:7,0
DA:9,0
DA:11,0
DA:17,0
DA:19,0
DA:20,0
DA:22,0
DA:23,0
DA:24,0
DA:26,0
DA:27,0
DA:28,0
DA:30,0
DA:31,0
DA:32,0
DA:34,0
DA:35,0
DA:36,0
DA:38,0
DA:39,0
DA:40,0
DA:43,0
DA:44,0
DA:47,0
DA:51,0
DA:52,0
DA:56,0
DA:66,0
DA:70,0
DA:71,0
DA:72,0
DA:74,0
DA:75,0
DA:76,0
DA:77,0
DA:78,0
DA:81,0
DA:86,0
DA:87,0
DA:88,0
DA:90,0
DA:93,0
DA:95,0
DA:98,0
DA:102,0
DA:103,0
DA:105,0
DA:109,0
DA:112,0
LF:49
LH:0
BRDA:39,0,0,0
BRDA:39,0,1,0
BRDA:72,1,0,0
BRDA:72,1,1,0
BRDA:76,2,0,0
BRDA:76,2,1,0
BRDA:77,3,0,0
BRDA:77,3,1,0
BRF:8
BRH:0
end_of_record
TN:
SF:src/eventListener.js
FN:4,eventListener
FN:26,filterSearch
FN:38,(anonymous_2)
FN:53,showReadBtn
FN:54,(anonymous_4)
FN:59,showUnreadBtn
FN:60,(anonymous_6)
FN:66,showAllBtn
FN:71,renderCard
FN:76,(anonymous_9)
FNF:10
FNH:0
FNDA:0,eventListener
FNDA:0,filterSearch
FNDA:0,(anonymous_2)
FNDA:0,showReadBtn
FNDA:0,(anonymous_4)
FNDA:0,showUnreadBtn
FNDA:0,(anonymous_6)
FNDA:0,showAllBtn
FNDA:0,renderCard
FNDA:0,(anonymous_9)
DA:7,0
DA:8,0
DA:11,0
DA:12,0
DA:15,0
DA:16,0
DA:19,0
DA:20,0
DA:29,0
DA:31,0
DA:33,0
DA:34,0
DA:37,0
DA:38,0
DA:43,0
DA:46,0
DA:54,0
DA:55,0
DA:60,0
DA:61,0
DA:68,0
DA:73,0
DA:74,0
DA:76,0
DA:77,0
LF:25
LH:0
BRDA:33,0,0,0
BRDA:33,0,1,0
BRF:2
BRH:0
end_of_record
TN:
SF:src/index.js
FN:9,getUserInput
FN:19,addBookToLibrary
FN:31,updateCounters
FN:33,(anonymous_3)
FN:34,(anonymous_4)
FN:47,handleFormSubmit
FN:63,(anonymous_6)
FNF:7
FNH:2
FNDA:1,getUserInput
FNDA:0,addBookToLibrary
FNDA:1,updateCounters
FNDA:0,(anonymous_3)
FNDA:0,(anonymous_4)
FNDA:0,handleFormSubmit
FNDA:0,(anonymous_6)
DA:6,1
DA:11,1
DA:12,1
DA:13,1
DA:14,1
DA:15,1
DA:16,1
DA:20,0
DA:21,0
DA:24,0
DA:26,0
DA:32,1
DA:33,1
DA:34,1
DA:36,1
DA:37,1
DA:39,1
DA:40,1
DA:42,1
DA:43,1
DA:49,0
DA:51,0
DA:54,0
DA:56,0
DA:63,1
DA:64,0
DA:65,0
LF:27
LH:17
BRF:0
BRH:0
end_of_record
